<?xml version="1.0" encoding="UTF-8"?>
<coverage generated="1451635758">
  <project timestamp="1451635758">
    <package name="Emoe\GuzzleBundle\DataCollector">
      <file name="/Users/e-moe/projects/my-guzzle-bundle/GuzzleBundle/src/DataCollector/GuzzleDataCollector.php">
        <class name="GuzzleDataCollector" namespace="Emoe\GuzzleBundle\DataCollector">
          <metrics methods="8" coveredmethods="8" conditionals="0" coveredconditionals="0" statements="31" coveredstatements="31" elements="39" coveredelements="39"/>
        </class>
        <line num="31" type="method" name="__construct" crap="1" count="6"/>
        <line num="36" type="stmt" count="6"/>
        <line num="37" type="stmt" count="6"/>
        <line num="38" type="stmt" count="6"/>
        <line num="39" type="stmt" count="6"/>
        <line num="40" type="stmt" count="6"/>
        <line num="45" type="method" name="collect" crap="3" count="5"/>
        <line num="47" type="stmt" count="5"/>
        <line num="48" type="stmt" count="5"/>
        <line num="50" type="stmt" count="5"/>
        <line num="51" type="stmt" count="1"/>
        <line num="55" type="stmt" count="5"/>
        <line num="58" type="stmt" count="5"/>
        <line num="60" type="stmt" count="5"/>
        <line num="61" type="stmt" count="5"/>
        <line num="62" type="stmt" count="5"/>
        <line num="63" type="stmt" count="5"/>
        <line num="64" type="stmt" count="5"/>
        <line num="65" type="stmt" count="5"/>
        <line num="66" type="stmt" count="5"/>
        <line num="68" type="stmt" count="5"/>
        <line num="70" type="stmt" count="5"/>
        <line num="76" type="method" name="isError" crap="2" count="5"/>
        <line num="78" type="stmt" count="5"/>
        <line num="84" type="method" name="getErrorRequests" crap="1" count="1"/>
        <line num="86" type="stmt" count="1"/>
        <line num="87" type="stmt" count="1"/>
        <line num="89" type="stmt" count="1"/>
        <line num="90" type="stmt" count="1"/>
        <line num="97" type="method" name="getRequests" crap="1" count="5"/>
        <line num="99" type="stmt" count="5"/>
        <line num="105" type="method" name="getTotalDuration" crap="1" count="3"/>
        <line num="107" type="stmt" count="3"/>
        <line num="108" type="stmt" count="3"/>
        <line num="109" type="method" name="anonymous function" crap="1" count="3"/>
        <line num="110" type="stmt" count="3"/>
        <line num="111" type="stmt" count="3"/>
        <line num="119" type="method" name="getName" crap="1" count="1"/>
        <line num="121" type="stmt" count="1"/>
        <metrics loc="123" ncloc="92" classes="1" methods="8" coveredmethods="8" conditionals="0" coveredconditionals="0" statements="31" coveredstatements="31" elements="39" coveredelements="39"/>
      </file>
    </package>
    <package name="Emoe\GuzzleBundle\DependencyInjection\Compiler">
      <file name="/Users/e-moe/projects/my-guzzle-bundle/GuzzleBundle/src/DependencyInjection/Compiler/ClientCompilerPass.php">
        <class name="ClientCompilerPass" namespace="Emoe\GuzzleBundle\DependencyInjection\Compiler">
          <metrics methods="1" coveredmethods="0" conditionals="0" coveredconditionals="0" statements="20" coveredstatements="0" elements="21" coveredelements="0"/>
        </class>
        <line num="16" type="method" name="process" crap="12" count="0"/>
        <line num="17" type="stmt" count="0"/>
        <line num="18" type="stmt" count="0"/>
        <line num="19" type="stmt" count="0"/>
        <line num="20" type="stmt" count="0"/>
        <line num="21" type="stmt" count="0"/>
        <line num="22" type="stmt" count="0"/>
        <line num="24" type="stmt" count="0"/>
        <line num="25" type="stmt" count="0"/>
        <line num="26" type="stmt" count="0"/>
        <line num="27" type="stmt" count="0"/>
        <line num="28" type="stmt" count="0"/>
        <line num="29" type="stmt" count="0"/>
        <line num="30" type="stmt" count="0"/>
        <line num="31" type="stmt" count="0"/>
        <line num="32" type="stmt" count="0"/>
        <line num="33" type="stmt" count="0"/>
        <line num="34" type="stmt" count="0"/>
        <line num="35" type="stmt" count="0"/>
        <line num="36" type="stmt" count="0"/>
        <line num="37" type="stmt" count="0"/>
        <metrics loc="38" ncloc="32" classes="1" methods="1" coveredmethods="0" conditionals="0" coveredconditionals="0" statements="20" coveredstatements="0" elements="21" coveredelements="0"/>
      </file>
      <file name="/Users/e-moe/projects/my-guzzle-bundle/GuzzleBundle/src/DependencyInjection/Compiler/MonologCompilerPass.php">
        <class name="MonologCompilerPass" namespace="Emoe\GuzzleBundle\DependencyInjection\Compiler">
          <metrics methods="1" coveredmethods="0" conditionals="0" coveredconditionals="0" statements="17" coveredstatements="0" elements="18" coveredelements="0"/>
        </class>
        <line num="13" type="method" name="process" crap="30" count="0"/>
        <line num="14" type="stmt" count="0"/>
        <line num="15" type="stmt" count="0"/>
        <line num="16" type="stmt" count="0"/>
        <line num="17" type="stmt" count="0"/>
        <line num="19" type="stmt" count="0"/>
        <line num="21" type="stmt" count="0"/>
        <line num="22" type="stmt" count="0"/>
        <line num="23" type="stmt" count="0"/>
        <line num="24" type="stmt" count="0"/>
        <line num="25" type="stmt" count="0"/>
        <line num="26" type="stmt" count="0"/>
        <line num="27" type="stmt" count="0"/>
        <line num="28" type="stmt" count="0"/>
        <line num="29" type="stmt" count="0"/>
        <line num="30" type="stmt" count="0"/>
        <line num="31" type="stmt" count="0"/>
        <line num="32" type="stmt" count="0"/>
        <metrics loc="33" ncloc="30" classes="1" methods="1" coveredmethods="0" conditionals="0" coveredconditionals="0" statements="17" coveredstatements="0" elements="18" coveredelements="0"/>
      </file>
    </package>
    <package name="Emoe\GuzzleBundle\DependencyInjection">
      <file name="/Users/e-moe/projects/my-guzzle-bundle/GuzzleBundle/src/DependencyInjection/Configuration.php">
        <class name="Configuration" namespace="Emoe\GuzzleBundle\DependencyInjection">
          <metrics methods="1" coveredmethods="0" conditionals="0" coveredconditionals="0" statements="16" coveredstatements="0" elements="17" coveredelements="0"/>
        </class>
        <line num="19" type="method" name="getConfigTreeBuilder" crap="2" count="0"/>
        <line num="20" type="stmt" count="0"/>
        <line num="21" type="stmt" count="0"/>
        <line num="22" type="stmt" count="0"/>
        <line num="24" type="stmt" count="0"/>
        <line num="25" type="stmt" count="0"/>
        <line num="26" type="stmt" count="0"/>
        <line num="27" type="stmt" count="0"/>
        <line num="28" type="stmt" count="0"/>
        <line num="29" type="stmt" count="0"/>
        <line num="30" type="stmt" count="0"/>
        <line num="31" type="stmt" count="0"/>
        <line num="32" type="stmt" count="0"/>
        <line num="33" type="stmt" count="0"/>
        <line num="34" type="stmt" count="0"/>
        <line num="36" type="stmt" count="0"/>
        <line num="37" type="stmt" count="0"/>
        <metrics loc="38" ncloc="29" classes="1" methods="1" coveredmethods="0" conditionals="0" coveredconditionals="0" statements="16" coveredstatements="0" elements="17" coveredelements="0"/>
      </file>
      <file name="/Users/e-moe/projects/my-guzzle-bundle/GuzzleBundle/src/DependencyInjection/EmoeGuzzleExtension.php">
        <class name="EmoeGuzzleExtension" namespace="Emoe\GuzzleBundle\DependencyInjection">
          <metrics methods="1" coveredmethods="0" conditionals="0" coveredconditionals="0" statements="13" coveredstatements="0" elements="14" coveredelements="0"/>
        </class>
        <line num="20" type="method" name="load" crap="6" count="0"/>
        <line num="21" type="stmt" count="0"/>
        <line num="22" type="stmt" count="0"/>
        <line num="23" type="stmt" count="0"/>
        <line num="25" type="stmt" count="0"/>
        <line num="26" type="stmt" count="0"/>
        <line num="27" type="stmt" count="0"/>
        <line num="29" type="stmt" count="0"/>
        <line num="31" type="stmt" count="0"/>
        <line num="32" type="stmt" count="0"/>
        <line num="33" type="stmt" count="0"/>
        <line num="34" type="stmt" count="0"/>
        <line num="35" type="stmt" count="0"/>
        <line num="36" type="stmt" count="0"/>
        <metrics loc="37" ncloc="29" classes="1" methods="1" coveredmethods="0" conditionals="0" coveredconditionals="0" statements="13" coveredstatements="0" elements="14" coveredelements="0"/>
      </file>
    </package>
    <package name="Emoe\GuzzleBundle">
      <file name="/Users/e-moe/projects/my-guzzle-bundle/GuzzleBundle/src/EmoeGuzzleBundle.php">
        <class name="EmoeGuzzleBundle" namespace="Emoe\GuzzleBundle">
          <metrics methods="1" coveredmethods="0" conditionals="0" coveredconditionals="0" statements="5" coveredstatements="0" elements="6" coveredelements="0"/>
        </class>
        <line num="15" type="method" name="build" crap="2" count="0"/>
        <line num="16" type="stmt" count="0"/>
        <line num="17" type="stmt" count="0"/>
        <line num="19" type="stmt" count="0"/>
        <line num="20" type="stmt" count="0"/>
        <line num="21" type="stmt" count="0"/>
        <metrics loc="22" ncloc="19" classes="1" methods="1" coveredmethods="0" conditionals="0" coveredconditionals="0" statements="5" coveredstatements="0" elements="6" coveredelements="0"/>
      </file>
    </package>
    <package name="Emoe\GuzzleBundle\Log">
      <file name="/Users/e-moe/projects/my-guzzle-bundle/GuzzleBundle/src/Log/AbstractLogAdapter.php">
        <class name="AbstractLogAdapter" namespace="Emoe\GuzzleBundle\Log">
          <metrics methods="1" coveredmethods="0" conditionals="0" coveredconditionals="0" statements="3" coveredstatements="0" elements="4" coveredelements="0"/>
        </class>
        <line num="12" type="method" name="getLogObject" crap="2" count="0"/>
        <line num="13" type="stmt" count="0"/>
        <line num="14" type="stmt" count="0"/>
        <line num="15" type="stmt" count="0"/>
        <metrics loc="16" ncloc="13" classes="1" methods="1" coveredmethods="0" conditionals="0" coveredconditionals="0" statements="3" coveredstatements="0" elements="4" coveredelements="0"/>
      </file>
      <file name="/Users/e-moe/projects/my-guzzle-bundle/GuzzleBundle/src/Log/ArrayLogAdapter.php">
        <class name="ArrayLogAdapter" namespace="Emoe\GuzzleBundle\Log">
          <metrics methods="3" coveredmethods="0" conditionals="0" coveredconditionals="0" statements="5" coveredstatements="0" elements="8" coveredelements="0"/>
        </class>
        <line num="12" type="method" name="log" crap="2" count="0"/>
        <line num="14" type="stmt" count="0"/>
        <line num="15" type="stmt" count="0"/>
        <line num="22" type="method" name="getLogs" crap="2" count="0"/>
        <line num="24" type="stmt" count="0"/>
        <line num="30" type="method" name="clearLogs" crap="2" count="0"/>
        <line num="32" type="stmt" count="0"/>
        <line num="33" type="stmt" count="0"/>
        <metrics loc="34" ncloc="23" classes="1" methods="3" coveredmethods="0" conditionals="0" coveredconditionals="0" statements="5" coveredstatements="0" elements="8" coveredelements="0"/>
      </file>
      <file name="/Users/e-moe/projects/my-guzzle-bundle/GuzzleBundle/src/Log/MonologLogAdapter.php">
        <class name="MonologLogAdapter" namespace="Emoe\GuzzleBundle\Log">
          <metrics methods="2" coveredmethods="0" conditionals="0" coveredconditionals="0" statements="6" coveredstatements="0" elements="8" coveredelements="0"/>
        </class>
        <line num="24" type="method" name="__construct" crap="2" count="0"/>
        <line num="25" type="stmt" count="0"/>
        <line num="26" type="stmt" count="0"/>
        <line num="27" type="stmt" count="0"/>
        <line num="29" type="method" name="log" crap="2" count="0"/>
        <line num="30" type="stmt" count="0"/>
        <line num="31" type="stmt" count="0"/>
        <line num="32" type="stmt" count="0"/>
        <metrics loc="33" ncloc="27" classes="1" methods="2" coveredmethods="0" conditionals="0" coveredconditionals="0" statements="6" coveredstatements="0" elements="8" coveredelements="0"/>
      </file>
    </package>
    <file name="/Users/e-moe/projects/my-guzzle-bundle/GuzzleBundle/src/Log/LogAdapterInterface.php">
      <metrics loc="18" ncloc="8" classes="0" methods="0" coveredmethods="0" conditionals="0" coveredconditionals="0" statements="0" coveredstatements="0" elements="0" coveredelements="0"/>
    </file>
    <file name="/Users/e-moe/projects/my-guzzle-bundle/GuzzleBundle/src/Middleware/MiddlewareInterface.php">
      <metrics loc="17" ncloc="10" classes="0" methods="0" coveredmethods="0" conditionals="0" coveredconditionals="0" statements="0" coveredstatements="0" elements="0" coveredelements="0"/>
    </file>
    <package name="Emoe\GuzzleBundle\Middleware">
      <file name="/Users/e-moe/projects/my-guzzle-bundle/GuzzleBundle/src/Middleware/RequestLoggerMiddleware.php">
        <class name="RequestLoggerMiddleware" namespace="Emoe\GuzzleBundle\Middleware">
          <metrics methods="9" coveredmethods="0" conditionals="0" coveredconditionals="0" statements="43" coveredstatements="0" elements="52" coveredelements="0"/>
        </class>
        <line num="33" type="method" name="__construct" crap="6" count="0"/>
        <line num="34" type="stmt" count="0"/>
        <line num="35" type="stmt" count="0"/>
        <line num="36" type="stmt" count="0"/>
        <line num="37" type="stmt" count="0"/>
        <line num="38" type="stmt" count="0"/>
        <line num="44" type="method" name="attachMiddleware" crap="2" count="0"/>
        <line num="45" type="stmt" count="0"/>
        <line num="47" type="stmt" count="0"/>
        <line num="48" type="stmt" count="0"/>
        <line num="49" type="stmt" count="0"/>
        <line num="53" type="stmt" count="0"/>
        <line num="54" type="stmt" count="0"/>
        <line num="56" type="stmt" count="0"/>
        <line num="57" type="stmt" count="0"/>
        <line num="58" type="method" name="anonymous function" crap="2" count="0"/>
        <line num="59" type="stmt" count="0"/>
        <line num="60" type="stmt" count="0"/>
        <line num="61" type="stmt" count="0"/>
        <line num="62" type="stmt" count="0"/>
        <line num="63" type="stmt" count="0"/>
        <line num="64" type="stmt" count="0"/>
        <line num="66" type="stmt" count="0"/>
        <line num="67" type="stmt" count="0"/>
        <line num="74" type="method" name="onRequestBeforeSend" crap="2" count="0"/>
        <line num="75" type="stmt" count="0"/>
        <line num="76" type="stmt" count="0"/>
        <line num="77" type="stmt" count="0"/>
        <line num="78" type="stmt" count="0"/>
        <line num="86" type="method" name="onRequestComplete" crap="12" count="0"/>
        <line num="87" type="stmt" count="0"/>
        <line num="88" type="stmt" count="0"/>
        <line num="90" type="stmt" count="0"/>
        <line num="91" type="stmt" count="0"/>
        <line num="92" type="stmt" count="0"/>
        <line num="93" type="stmt" count="0"/>
        <line num="94" type="stmt" count="0"/>
        <line num="95" type="stmt" count="0"/>
        <line num="96" type="stmt" count="0"/>
        <line num="97" type="stmt" count="0"/>
        <line num="98" type="stmt" count="0"/>
        <line num="105" type="method" name="hash" crap="2" count="0"/>
        <line num="106" type="stmt" count="0"/>
        <line num="107" type="stmt" count="0"/>
        <line num="108" type="stmt" count="0"/>
        <line num="117" type="method" name="isClientError" crap="6" count="0"/>
        <line num="118" type="stmt" count="0"/>
        <line num="119" type="stmt" count="0"/>
        <line num="120" type="stmt" count="0"/>
        <line num="129" type="method" name="isError" crap="6" count="0"/>
        <line num="130" type="stmt" count="0"/>
        <line num="131" type="stmt" count="0"/>
        <line num="132" type="stmt" count="0"/>
        <line num="141" type="method" name="isServerError" crap="6" count="0"/>
        <line num="142" type="stmt" count="0"/>
        <line num="143" type="stmt" count="0"/>
        <line num="144" type="stmt" count="0"/>
        <metrics loc="145" ncloc="94" classes="1" methods="9" coveredmethods="0" conditionals="0" coveredconditionals="0" statements="48" coveredstatements="0" elements="57" coveredelements="0"/>
      </file>
      <file name="/Users/e-moe/projects/my-guzzle-bundle/GuzzleBundle/src/Middleware/RequestProfilerMiddleware.php">
        <class name="RequestProfilerMiddleware" namespace="Emoe\GuzzleBundle\Middleware">
          <metrics methods="9" coveredmethods="0" conditionals="0" coveredconditionals="0" statements="45" coveredstatements="0" elements="54" coveredelements="0"/>
        </class>
        <line num="32" type="method" name="__construct" crap="2" count="0"/>
        <line num="33" type="stmt" count="0"/>
        <line num="34" type="stmt" count="0"/>
        <line num="35" type="stmt" count="0"/>
        <line num="41" type="method" name="attachMiddleware" crap="2" count="0"/>
        <line num="42" type="stmt" count="0"/>
        <line num="44" type="stmt" count="0"/>
        <line num="45" type="stmt" count="0"/>
        <line num="46" type="stmt" count="0"/>
        <line num="50" type="stmt" count="0"/>
        <line num="51" type="stmt" count="0"/>
        <line num="53" type="stmt" count="0"/>
        <line num="54" type="stmt" count="0"/>
        <line num="55" type="method" name="anonymous function" crap="2" count="0"/>
        <line num="56" type="stmt" count="0"/>
        <line num="57" type="stmt" count="0"/>
        <line num="58" type="stmt" count="0"/>
        <line num="59" type="stmt" count="0"/>
        <line num="60" type="stmt" count="0"/>
        <line num="61" type="stmt" count="0"/>
        <line num="63" type="stmt" count="0"/>
        <line num="64" type="stmt" count="0"/>
        <line num="71" type="method" name="onRequestBeforeSend" crap="6" count="0"/>
        <line num="72" type="stmt" count="0"/>
        <line num="73" type="stmt" count="0"/>
        <line num="74" type="stmt" count="0"/>
        <line num="75" type="stmt" count="0"/>
        <line num="76" type="stmt" count="0"/>
        <line num="83" type="method" name="onRequestComplete" crap="6" count="0"/>
        <line num="84" type="stmt" count="0"/>
        <line num="85" type="stmt" count="0"/>
        <line num="86" type="stmt" count="0"/>
        <line num="87" type="stmt" count="0"/>
        <line num="88" type="stmt" count="0"/>
        <line num="93" type="method" name="start" crap="2" count="0"/>
        <line num="94" type="stmt" count="0"/>
        <line num="95" type="stmt" count="0"/>
        <line num="96" type="stmt" count="0"/>
        <line num="98" type="stmt" count="0"/>
        <line num="99" type="stmt" count="0"/>
        <line num="104" type="method" name="stop" crap="2" count="0"/>
        <line num="105" type="stmt" count="0"/>
        <line num="106" type="stmt" count="0"/>
        <line num="108" type="stmt" count="0"/>
        <line num="109" type="stmt" count="0"/>
        <line num="116" type="method" name="hash" crap="2" count="0"/>
        <line num="117" type="stmt" count="0"/>
        <line num="118" type="stmt" count="0"/>
        <line num="119" type="stmt" count="0"/>
        <line num="126" type="method" name="getEventName" crap="2" count="0"/>
        <line num="127" type="stmt" count="0"/>
        <line num="128" type="stmt" count="0"/>
        <line num="129" type="stmt" count="0"/>
        <line num="130" type="stmt" count="0"/>
        <line num="131" type="stmt" count="0"/>
        <line num="132" type="stmt" count="0"/>
        <line num="133" type="stmt" count="0"/>
        <line num="134" type="stmt" count="0"/>
        <line num="135" type="stmt" count="0"/>
        <metrics loc="136" ncloc="93" classes="1" methods="9" coveredmethods="0" conditionals="0" coveredconditionals="0" statements="50" coveredstatements="0" elements="59" coveredelements="0"/>
      </file>
    </package>
    <metrics files="13" loc="690" ncloc="499" classes="11" methods="37" coveredmethods="8" conditionals="0" coveredconditionals="0" statements="214" coveredstatements="31" elements="251" coveredelements="39"/>
  </project>
</coverage>
